Log file for Peer 1003
Started at: 2025-04-22 10:02:23
--------------------------------------------------------------------------------
2025-04-22 10:02:23: Peer 1003 makes a connection to Peer 1001.
2025-04-22 10:02:23: Peer 1003 makes a connection to Peer 1002.
2025-04-22 10:02:24: Peer 1003 is unchoked by 1002.
2025-04-22 10:02:24: Peer 1003 has downloaded the piece 19 from 1002. Now the number of pieces it has is 1.
2025-04-22 10:02:24: Peer 1003 has downloaded the piece 22 from 1002. Now the number of pieces it has is 2.
2025-04-22 10:02:24: Peer 1003 has downloaded the piece 1 from 1002. Now the number of pieces it has is 3.
2025-04-22 10:02:24: Peer 1003 has downloaded the piece 13 from 1002. Now the number of pieces it has is 4.
2025-04-22 10:02:24: Peer 1003 has downloaded the piece 32 from 1002. Now the number of pieces it has is 5.
2025-04-22 10:02:25: Peer 1003 is connected from Peer 1004.
2025-04-22 10:02:25: Peer 1003 received the 'interested' message from 1004.
2025-04-22 10:02:26: Peer 1003 has the optimistically unchoked neighbor 1004.
2025-04-22 10:02:26: Peer 1003 received the 'not interested' message from 1004.
2025-04-22 10:02:27: Peer 1003 is unchoked by 1001.
2025-04-22 10:02:27: Peer 1003 has downloaded the piece 48 from 1001. Now the number of pieces it has is 6.
2025-04-22 10:02:27: Peer 1003 received the 'interested' message from 1002.
2025-04-22 10:02:27: Peer 1003 is connected from Peer 1005.
2025-04-22 10:02:27: Peer 1003 received the 'interested' message from 1005.
2025-04-22 10:02:28: Peer 1003 received the 'have' message from 1005 for the piece 1.
2025-04-22 10:02:28: Peer 1003 received the 'have' message from 1005 for the piece 13.
2025-04-22 10:02:28: Peer 1003 received the 'have' message from 1005 for the piece 22.
2025-04-22 10:02:28: Peer 1003 received the 'have' message from 1005 for the piece 19.
2025-04-22 10:02:28: Peer 1003 received the 'have' message from 1005 for the piece 32.
2025-04-22 10:02:28: Peer 1003 has the preferred neighbors 1002, 1001.
2025-04-22 10:02:28: Peer 1003 received the 'not interested' message from 1002.
2025-04-22 10:02:29: Peer 1003 is unchoked by 1002.
2025-04-22 10:02:29: Peer 1003 received the 'have' message from 1004 for the piece 48.
2025-04-22 10:02:29: Peer 1003 received the 'have' message from 1005 for the piece 48.
2025-04-22 10:02:31: Peer 1003 has the preferred neighbors 1004, 1005.
2025-04-22 10:02:31: Peer 1003 received the 'not interested' message from 1004.
2025-04-22 10:02:31: Peer 1003 received the 'not interested' message from 1005.
2025-04-22 10:02:32: Peer 1003 received the 'have' message from 1005 for the piece 10.
2025-04-22 10:02:32: Peer 1003 received the 'have' message from 1005 for the piece 17.
2025-04-22 10:02:32: Peer 1003 received the 'have' message from 1004 for the piece 10.
2025-04-22 10:02:32: Peer 1003 received the 'have' message from 1002 for the piece 17.
2025-04-22 10:02:32: Peer 1003 received the 'have' message from 1002 for the piece 17.
2025-04-22 10:02:32: Peer 1003 received the 'have' message from 1004 for the piece 17.
2025-04-22 10:02:32: Peer 1003 received the 'have' message from 1002 for the piece 10.
2025-04-22 10:02:32: Peer 1003 received the 'have' message from 1002 for the piece 10.
2025-04-22 10:02:33: Peer 1003 is unchoked by 1004.
2025-04-22 10:02:33: Peer 1003 has downloaded the piece 10 from 1004. Now the number of pieces it has is 6.
2025-04-22 10:02:33: Peer 1003 received the 'interested' message from 1005.
2025-04-22 10:02:33: Peer 1003 has downloaded the piece 17 from 1004. Now the number of pieces it has is 7.
2025-04-22 10:02:33: Peer 1003 received the 'interested' message from 1005.
2025-04-22 10:02:33: Peer 1003 has downloaded the piece 48 from 1004. Now the number of pieces it has is 8.
2025-04-22 10:02:33: Peer 1003 received the 'interested' message from 1005.
2025-04-22 10:02:33: Peer 1003 has the preferred neighbors 1001, 1002.
2025-04-22 10:02:34: Peer 1003 is choked by 1002.
2025-04-22 10:02:34: Peer 1003 is unchoked by 1002.
2025-04-22 10:02:34: Peer 1003 is unchoked by 1002.
2025-04-22 10:02:34: Peer 1003 has downloaded the piece 10 from 1002. Now the number of pieces it has is 7.
2025-04-22 10:02:34: Peer 1003 has downloaded the piece 17 from 1002. Now the number of pieces it has is 8.
2025-04-22 10:02:35: Peer 1003 is unchoked by 1005.
2025-04-22 10:02:36: Peer 1003 has the preferred neighbors 1005.
2025-04-22 10:02:37: Peer 1003 is unchoked by 1005.
2025-04-22 10:02:37: Peer 1003 is unchoked by 1005.
2025-04-22 10:02:38: Peer 1003 has the preferred neighbors 1001.
2025-04-22 10:02:42: Peer 1003 is unchoked by 1005.
2025-04-22 10:02:43: Peer 1003 has the preferred neighbors 1001.
2025-04-22 10:02:47: Peer 1003 is unchoked by 1005.
2025-04-22 10:02:48: Peer 1003 has the preferred neighbors 1001.
2025-04-22 10:02:52: Peer 1003 is unchoked by 1005.
