Log file for Peer 1004
Started at: 2025-04-22 10:02:25
--------------------------------------------------------------------------------
2025-04-22 10:02:25: Peer 1004 makes a connection to Peer 1002.
2025-04-22 10:02:25: Peer 1004 makes a connection to Peer 1003.
2025-04-22 10:02:25: Peer 1004 makes a connection to Peer 1001.
2025-04-22 10:02:26: Peer 1004 is unchoked by 1003.
2025-04-22 10:02:26: Peer 1004 has downloaded the piece 19 from 1003. Now the number of pieces it has is 1.
2025-04-22 10:02:26: Peer 1004 has downloaded the piece 22 from 1003. Now the number of pieces it has is 2.
2025-04-22 10:02:26: Peer 1004 has downloaded the piece 1 from 1003. Now the number of pieces it has is 3.
2025-04-22 10:02:26: Peer 1004 has downloaded the piece 32 from 1003. Now the number of pieces it has is 4.
2025-04-22 10:02:26: Peer 1004 has downloaded the piece 13 from 1003. Now the number of pieces it has is 5.
2025-04-22 10:02:27: Peer 1004 is unchoked by 1001.
2025-04-22 10:02:27: Peer 1004 is connected from Peer 1005.
2025-04-22 10:02:27: Peer 1004 received the 'interested' message from 1005.
2025-04-22 10:02:28: Peer 1004 has the optimistically unchoked neighbor 1005.
2025-04-22 10:02:28: Peer 1004 received the 'not interested' message from 1005.
2025-04-22 10:02:28: Peer 1004 received the 'have' message from 1002 for the piece 48.
2025-04-22 10:02:28: Peer 1004 received the 'have' message from 1002 for the piece 48.
2025-04-22 10:02:29: Peer 1004 is unchoked by 1002.
2025-04-22 10:02:29: Peer 1004 is unchoked by 1002.
2025-04-22 10:02:29: Peer 1004 has downloaded the piece 48 from 1002. Now the number of pieces it has is 6.
2025-04-22 10:02:29: Peer 1004 received the 'interested' message from 1003.
2025-04-22 10:02:29: Peer 1004 received the 'have' message from 1005 for the piece 48.
2025-04-22 10:02:29: Peer 1004 received the 'interested' message from 1005.
2025-04-22 10:02:30: Peer 1004 is unchoked by 1005.
2025-04-22 10:02:30: Peer 1004 has the preferred neighbors 1002, 1001.
2025-04-22 10:02:31: Peer 1004 is unchoked by 1003.
2025-04-22 10:02:31: Peer 1004 is unchoked by 1003.
2025-04-22 10:02:32: Peer 1004 received the 'have' message from 1005 for the piece 10.
2025-04-22 10:02:32: Peer 1004 received the 'have' message from 1005 for the piece 17.
2025-04-22 10:02:32: Peer 1004 is unchoked by 1005.
2025-04-22 10:02:32: Peer 1004 has downloaded the piece 10 from 1005. Now the number of pieces it has is 7.
2025-04-22 10:02:32: Peer 1004 received the 'interested' message from 1002.
2025-04-22 10:02:32: Peer 1004 received the 'interested' message from 1003.
2025-04-22 10:02:32: Peer 1004 has downloaded the piece 17 from 1005. Now the number of pieces it has is 8.
2025-04-22 10:02:32: Peer 1004 received the 'have' message from 1002 for the piece 17.
2025-04-22 10:02:32: Peer 1004 received the 'interested' message from 1003.
2025-04-22 10:02:32: Peer 1004 received the 'have' message from 1002 for the piece 10.
2025-04-22 10:02:33: Peer 1004 has the preferred neighbors 1002, 1003.
2025-04-22 10:02:33: Peer 1004 received the 'not interested' message from 1002.
2025-04-22 10:02:33: Peer 1004 received the 'not interested' message from 1003.
2025-04-22 10:02:34: Peer 1004 is choked by 1002.
2025-04-22 10:02:35: Peer 1004 is unchoked by 1005.
2025-04-22 10:02:35: Peer 1004 has the preferred neighbors 1002, 1001.
2025-04-22 10:02:36: Peer 1004 is choked by 1003.
2025-04-22 10:02:36: Peer 1004 is unchoked by 1003.
2025-04-22 10:02:37: Peer 1004 is choked by 1005.
2025-04-22 10:02:40: Peer 1004 has the preferred neighbors 1002, 1001.
2025-04-22 10:02:45: Peer 1004 has the preferred neighbors 1002, 1001.
2025-04-22 10:02:50: Peer 1004 has the preferred neighbors 1002, 1001.
